Using pre-set license
Built from '2020.3/staging' branch; Version is '2020.3.26f1 (7298b473bc1a) revision 7510196'; Using compiler version '192528614'; Build Type 'Release'
OS: 'Windows 10  (10.0.19043) 64bit Professional' Language: 'es' Physical Memory: 48870 MB
BatchMode: 1, IsHumanControllingUs: 0, StartBugReporterOnCrash: 0, Is64bit: 1, IsPro: 0

COMMAND LINE ARGUMENTS:
C:\Program Files\Unity\Hub\Editor\2020.3.26f1\Editor\Unity.exe
-adb2
-batchMode
-noUpm
-name
AssetImportWorker0
-projectPath
C:/Users/PaulaRemy/Documents/UnityProyectos/20-01/Penny1
-logFile
Logs/AssetImportWorker0.log
-srvPort
62145
Successfully changed project path to: C:/Users/PaulaRemy/Documents/UnityProyectos/20-01/Penny1
C:/Users/PaulaRemy/Documents/UnityProyectos/20-01/Penny1
Using Asset Import Pipeline V2.
Refreshing native plugins compatible for Editor in 179.30 ms, found 2 plugins.
Preloading 0 native plugins for Editor in 0.00 ms.
Initialize engine version: 2020.3.26f1 (7298b473bc1a)
[Subsystems] Discovering subsystems at path C:/Program Files/Unity/Hub/Editor/2020.3.26f1/Editor/Data/Resources/UnitySubsystems
[Subsystems] Discovering subsystems at path C:/Users/PaulaRemy/Documents/UnityProyectos/20-01/Penny1/Assets
GfxDevice: creating device client; threaded=0
Direct3D:
    Version:  Direct3D 11.0 [level 11.1]
    Renderer: NVIDIA Quadro P520 (ID=0x1d34)
    Vendor:   
    VRAM:     1983 MB
    Driver:   30.0.14.7242
Initialize mono
Mono path[0] = 'C:/Program Files/Unity/Hub/Editor/2020.3.26f1/Editor/Data/Managed'
Mono path[1] = 'C:/Program Files/Unity/Hub/Editor/2020.3.26f1/Editor/Data/MonoBleedingEdge/lib/mono/unityjit'
Mono config path = 'C:/Program Files/Unity/Hub/Editor/2020.3.26f1/Editor/Data/MonoBleedingEdge/etc'
Using monoOptions --debugger-agent=transport=dt_socket,embedding=1,server=y,suspend=n,address=127.0.0.1:56836
Begin MonoManager ReloadAssembly
Registering precompiled unity dll's ...
Register platform support module: C:/Program Files/Unity/Hub/Editor/2020.3.26f1/Editor/Data/PlaybackEngines/WebGLSupport/UnityEditor.WebGL.Extensions.dll
Register platform support module: C:/Program Files/Unity/Hub/Editor/2020.3.26f1/Editor/Data/PlaybackEngines/WindowsStandaloneSupport/UnityEditor.WindowsStandalone.Extensions.dll
Registered in 0.007822 seconds.
Native extension for WindowsStandalone target not found
Native extension for WebGL target not found
Refreshing native plugins compatible for Editor in 205.74 ms, found 2 plugins.
Preloading 0 native plugins for Editor in 0.00 ms.
Mono: successfully reloaded assembly
- Completed reload, in  1.881 seconds
Domain Reload Profiling:
	ReloadAssembly (1882ms)
		BeginReloadAssembly (184ms)
			ExecutionOrderSort (0ms)
			DisableScriptedObjects (0ms)
			BackupInstance (0ms)
			ReleaseScriptingObjects (0ms)
			CreateAndSetChildDomain (2ms)
		EndReloadAssembly (1469ms)
			LoadAssemblies (179ms)
			RebuildTransferFunctionScriptingTraits (0ms)
			SetupTypeCache (516ms)
			ReleaseScriptCaches (0ms)
			RebuildScriptCaches (102ms)
			SetupLoadedEditorAssemblies (557ms)
				LogAssemblyErrors (0ms)
				InitializePlatformSupportModulesInManaged (14ms)
				SetLoadedEditorAssemblies (1ms)
				RefreshPlugins (206ms)
				BeforeProcessingInitializeOnLoad (25ms)
				ProcessInitializeOnLoadAttributes (237ms)
				ProcessInitializeOnLoadMethodAttributes (72ms)
				AfterProcessingInitializeOnLoad (0ms)
				EditorAssembliesLoaded (0ms)
			ExecutionOrderSort2 (0ms)
			AwakeInstancesAfterBackupRestoration (0ms)
Platform modules already initialized, skipping
Registering precompiled user dll's ...
Registered in 0.016091 seconds.
Begin MonoManager ReloadAssembly
Native extension for WindowsStandalone target not found
Native extension for WebGL target not found
Refreshing native plugins compatible for Editor in 156.83 ms, found 2 plugins.
Preloading 0 native plugins for Editor in 0.00 ms.
Mono: successfully reloaded assembly
- Completed reload, in  2.901 seconds
Domain Reload Profiling:
	ReloadAssembly (2904ms)
		BeginReloadAssembly (379ms)
			ExecutionOrderSort (0ms)
			DisableScriptedObjects (13ms)
			BackupInstance (0ms)
			ReleaseScriptingObjects (0ms)
			CreateAndSetChildDomain (42ms)
		EndReloadAssembly (2367ms)
			LoadAssemblies (247ms)
			RebuildTransferFunctionScriptingTraits (0ms)
			SetupTypeCache (813ms)
			ReleaseScriptCaches (1ms)
			RebuildScriptCaches (137ms)
			SetupLoadedEditorAssemblies (887ms)
				LogAssemblyErrors (0ms)
				InitializePlatformSupportModulesInManaged (11ms)
				SetLoadedEditorAssemblies (2ms)
				RefreshPlugins (157ms)
				BeforeProcessingInitializeOnLoad (222ms)
				ProcessInitializeOnLoadAttributes (460ms)
				ProcessInitializeOnLoadMethodAttributes (15ms)
				AfterProcessingInitializeOnLoad (19ms)
				EditorAssembliesLoaded (1ms)
			ExecutionOrderSort2 (0ms)
			AwakeInstancesAfterBackupRestoration (20ms)
Platform modules already initialized, skipping
========================================================================
Worker process is ready to serve import requests
Launched and connected shader compiler UnityShaderCompiler.exe after 0.11 seconds
Refreshing native plugins compatible for Editor in 1.86 ms, found 2 plugins.
Preloading 0 native plugins for Editor in 0.00 ms.
Unloading 3335 Unused Serialized files (Serialized files now loaded: 0)
System memory in use before: 146.9 MB.
System memory in use after: 147.1 MB.

Unloading 24 unused Assets to reduce memory usage. Loaded Objects now: 3769.
Total: 7.639000 ms (FindLiveObjects: 0.437900 ms CreateObjectMapping: 0.261300 ms MarkObjects: 6.813800 ms  DeleteObjects: 0.124500 ms)

AssetImportParameters requested are different than current active one (requested -> active):
  custom:framework-win-MediaFoundation: 216162199b28c13a410421893ffa2e32 -> 
  custom:video-decoder-ogg-theora: a1e56fd34408186e4bbccfd4996cb3dc -> 
  custom:container-muxer-webm: aa71ff27fc2769a1b78a27578f13a17b -> 
  custom:container-demuxer-webm: 4f35f7cbe854078d1ac9338744f61a02 -> 
  custom:container-demuxer-ogg: 62fdf1f143b41e24485cea50d1cbac27 -> 
  custom:video-encoder-webm-vp8: eb34c28f22e8b96e1ab97ce403110664 -> 
  custom:video-codec-MediaFoundation-h265: 746d11721c4dcdbdad8f713fa42b33f4 -> 
  custom:video-decoder-webm-vp8: 9c59270c3fd7afecdb556c50c9e8de78 -> 
  custom:audio-decoder-ogg-vorbis: bf7c407c2cedff20999df2af8eb42d56 -> 
  custom:audio-encoder-webm-vorbis: bf7c407c2cedff20999df2af8eb42d56 -> 
========================================================================
Received Import Request.
  path: Assets/Sprites/GrassPlatform_TileSet.psd
  artifactKey: Guid(a891223201bb7ff46a0b989ade5ee88a) Importer(815301076,1909f56bfc062723c751e8b465ee728b)
Start importing Assets/Sprites/GrassPlatform_TileSet.psd using Guid(a891223201bb7ff46a0b989ade5ee88a) Importer(815301076,1909f56bfc062723c751e8b465ee728b)  -> (artifact id: 'b2f06dc6c21287b79da1acf691a20c64') in 0.140426 seconds 
  Import took 0.151570 seconds .

========================================================================
Received Prepare
Registering precompiled user dll's ...
Registered in 0.010267 seconds.
Begin MonoManager ReloadAssembly
Native extension for WindowsStandalone target not found
Native extension for WebGL target not found
Refreshing native plugins compatible for Editor in 190.98 ms, found 3 plugins.
Preloading 0 native plugins for Editor in 0.00 ms.
Mono: successfully reloaded assembly
- Completed reload, in  3.402 seconds
Domain Reload Profiling:
	ReloadAssembly (3403ms)
		BeginReloadAssembly (311ms)
			ExecutionOrderSort (0ms)
			DisableScriptedObjects (12ms)
			BackupInstance (0ms)
			ReleaseScriptingObjects (0ms)
			CreateAndSetChildDomain (84ms)
		EndReloadAssembly (2889ms)
			LoadAssemblies (297ms)
			RebuildTransferFunctionScriptingTraits (0ms)
			SetupTypeCache (1000ms)
			ReleaseScriptCaches (3ms)
			RebuildScriptCaches (127ms)
			SetupLoadedEditorAssemblies (1111ms)
				LogAssemblyErrors (0ms)
				InitializePlatformSupportModulesInManaged (12ms)
				SetLoadedEditorAssemblies (0ms)
				RefreshPlugins (191ms)
				BeforeProcessingInitializeOnLoad (224ms)
				ProcessInitializeOnLoadAttributes (630ms)
				ProcessInitializeOnLoadMethodAttributes (33ms)
				AfterProcessingInitializeOnLoad (20ms)
				EditorAssembliesLoaded (0ms)
			ExecutionOrderSort2 (0ms)
			AwakeInstancesAfterBackupRestoration (24ms)
Platform modules already initialized, skipping
Refreshing native plugins compatible for Editor in 2.09 ms, found 3 plugins.
Preloading 0 native plugins for Editor in 0.00 ms.
Unloading 3585 Unused Serialized files (Serialized files now loaded: 0)
System memory in use before: 151.1 MB.
System memory in use after: 151.2 MB.

Unloading 24 unused Assets to reduce memory usage. Loaded Objects now: 4130.
Total: 11.880400 ms (FindLiveObjects: 0.527600 ms CreateObjectMapping: 0.491600 ms MarkObjects: 10.561800 ms  DeleteObjects: 0.296700 ms)

AssetImportParameters requested are different than current active one (requested -> active):
  custom:framework-win-MediaFoundation: 216162199b28c13a410421893ffa2e32 -> 
  custom:video-decoder-ogg-theora: a1e56fd34408186e4bbccfd4996cb3dc -> 
  custom:container-muxer-webm: aa71ff27fc2769a1b78a27578f13a17b -> 
  custom:container-demuxer-webm: 4f35f7cbe854078d1ac9338744f61a02 -> 
  custom:container-demuxer-ogg: 62fdf1f143b41e24485cea50d1cbac27 -> 
  custom:video-encoder-webm-vp8: eb34c28f22e8b96e1ab97ce403110664 -> 
  custom:video-codec-MediaFoundation-h265: 746d11721c4dcdbdad8f713fa42b33f4 -> 
  custom:video-decoder-webm-vp8: 9c59270c3fd7afecdb556c50c9e8de78 -> 
  custom:audio-decoder-ogg-vorbis: bf7c407c2cedff20999df2af8eb42d56 -> 
  custom:audio-encoder-webm-vorbis: bf7c407c2cedff20999df2af8eb42d56 -> 
========================================================================
Received Import Request.
  Time since last request: 821.566858 seconds.
  path: Assets/Sprites/GrassPlatform_TileSet.psd
  artifactKey: Guid(a891223201bb7ff46a0b989ade5ee88a) Importer(815301076,1909f56bfc062723c751e8b465ee728b)
Start importing Assets/Sprites/GrassPlatform_TileSet.psd using Guid(a891223201bb7ff46a0b989ade5ee88a) Importer(815301076,1909f56bfc062723c751e8b465ee728b)  -> (artifact id: '8e5b7a08bf123f1630b50af22580f5d9') in 0.187454 seconds 
  Import took 0.199371 seconds .

========================================================================
Received Import Request.
  Time since last request: 63.940973 seconds.
  path: Assets/Sprites/GrassPlatform_TileSet.psd
  artifactKey: Guid(a891223201bb7ff46a0b989ade5ee88a) Importer(815301076,1909f56bfc062723c751e8b465ee728b)
Start importing Assets/Sprites/GrassPlatform_TileSet.psd using Guid(a891223201bb7ff46a0b989ade5ee88a) Importer(815301076,1909f56bfc062723c751e8b465ee728b)  -> (artifact id: '9152021a18cc840cc7b4dfd10ae0ea19') in 0.016646 seconds 
  Import took 0.026640 seconds .

========================================================================
Received Import Request.
  Time since last request: 108.068019 seconds.
  path: Assets/Sprites/GrassPlatform_TileSet.psd
  artifactKey: Guid(a891223201bb7ff46a0b989ade5ee88a) Importer(815301076,1909f56bfc062723c751e8b465ee728b)
Start importing Assets/Sprites/GrassPlatform_TileSet.psd using Guid(a891223201bb7ff46a0b989ade5ee88a) Importer(815301076,1909f56bfc062723c751e8b465ee728b)  -> (artifact id: 'f53cb9d65f6a32a31497902608237b55') in 0.251852 seconds 
  Import took 0.261994 seconds .

========================================================================
Received Prepare
Registering precompiled user dll's ...
Registered in 0.009056 seconds.
Begin MonoManager ReloadAssembly
Native extension for WindowsStandalone target not found
Native extension for WebGL target not found
Refreshing native plugins compatible for Editor in 1.51 ms, found 3 plugins.
Preloading 0 native plugins for Editor in 0.00 ms.
Mono: successfully reloaded assembly
- Completed reload, in  2.848 seconds
Domain Reload Profiling:
	ReloadAssembly (2849ms)
		BeginReloadAssembly (237ms)
			ExecutionOrderSort (0ms)
			DisableScriptedObjects (6ms)
			BackupInstance (0ms)
			ReleaseScriptingObjects (0ms)
			CreateAndSetChildDomain (82ms)
		EndReloadAssembly (2422ms)
			LoadAssemblies (262ms)
			RebuildTransferFunctionScriptingTraits (0ms)
			SetupTypeCache (860ms)
			ReleaseScriptCaches (3ms)
			RebuildScriptCaches (115ms)
			SetupLoadedEditorAssemblies (874ms)
				LogAssemblyErrors (0ms)
				InitializePlatformSupportModulesInManaged (12ms)
				SetLoadedEditorAssemblies (1ms)
				RefreshPlugins (2ms)
				BeforeProcessingInitializeOnLoad (185ms)
				ProcessInitializeOnLoadAttributes (624ms)
				ProcessInitializeOnLoadMethodAttributes (32ms)
				AfterProcessingInitializeOnLoad (18ms)
				EditorAssembliesLoaded (0ms)
			ExecutionOrderSort2 (0ms)
			AwakeInstancesAfterBackupRestoration (28ms)
Platform modules already initialized, skipping
Refreshing native plugins compatible for Editor in 1.45 ms, found 3 plugins.
Preloading 0 native plugins for Editor in 0.00 ms.
Unloading 3625 Unused Serialized files (Serialized files now loaded: 0)
System memory in use before: 155.3 MB.
System memory in use after: 155.4 MB.

Unloading 24 unused Assets to reduce memory usage. Loaded Objects now: 4182.
Total: 6.513000 ms (FindLiveObjects: 0.406900 ms CreateObjectMapping: 0.222000 ms MarkObjects: 5.683300 ms  DeleteObjects: 0.199100 ms)

AssetImportParameters requested are different than current active one (requested -> active):
  custom:framework-win-MediaFoundation: 216162199b28c13a410421893ffa2e32 -> 
  custom:video-decoder-ogg-theora: a1e56fd34408186e4bbccfd4996cb3dc -> 
  custom:container-muxer-webm: aa71ff27fc2769a1b78a27578f13a17b -> 
  custom:container-demuxer-webm: 4f35f7cbe854078d1ac9338744f61a02 -> 
  custom:container-demuxer-ogg: 62fdf1f143b41e24485cea50d1cbac27 -> 
  custom:video-encoder-webm-vp8: eb34c28f22e8b96e1ab97ce403110664 -> 
  custom:video-codec-MediaFoundation-h265: 746d11721c4dcdbdad8f713fa42b33f4 -> 
  custom:video-decoder-webm-vp8: 9c59270c3fd7afecdb556c50c9e8de78 -> 
  custom:audio-decoder-ogg-vorbis: bf7c407c2cedff20999df2af8eb42d56 -> 
  custom:audio-encoder-webm-vorbis: bf7c407c2cedff20999df2af8eb42d56 -> 
========================================================================
Received Prepare
Registering precompiled user dll's ...
Registered in 0.006528 seconds.
Begin MonoManager ReloadAssembly
Native extension for WindowsStandalone target not found
Native extension for WebGL target not found
Refreshing native plugins compatible for Editor in 1.56 ms, found 3 plugins.
Preloading 0 native plugins for Editor in 0.00 ms.
Mono: successfully reloaded assembly
- Completed reload, in  2.045 seconds
Domain Reload Profiling:
	ReloadAssembly (2047ms)
		BeginReloadAssembly (238ms)
			ExecutionOrderSort (0ms)
			DisableScriptedObjects (12ms)
			BackupInstance (0ms)
			ReleaseScriptingObjects (0ms)
			CreateAndSetChildDomain (67ms)
		EndReloadAssembly (1699ms)
			LoadAssemblies (206ms)
			RebuildTransferFunctionScriptingTraits (0ms)
			SetupTypeCache (611ms)
			ReleaseScriptCaches (1ms)
			RebuildScriptCaches (71ms)
			SetupLoadedEditorAssemblies (614ms)
				LogAssemblyErrors (0ms)
				InitializePlatformSupportModulesInManaged (12ms)
				SetLoadedEditorAssemblies (1ms)
				RefreshPlugins (2ms)
				BeforeProcessingInitializeOnLoad (150ms)
				ProcessInitializeOnLoadAttributes (422ms)
				ProcessInitializeOnLoadMethodAttributes (17ms)
				AfterProcessingInitializeOnLoad (9ms)
				EditorAssembliesLoaded (0ms)
			ExecutionOrderSort2 (0ms)
			AwakeInstancesAfterBackupRestoration (32ms)
Platform modules already initialized, skipping
Refreshing native plugins compatible for Editor in 0.80 ms, found 3 plugins.
Preloading 0 native plugins for Editor in 0.00 ms.
Unloading 3645 Unused Serialized files (Serialized files now loaded: 0)
System memory in use before: 156.2 MB.
System memory in use after: 156.3 MB.

Unloading 24 unused Assets to reduce memory usage. Loaded Objects now: 4204.
Total: 5.394200 ms (FindLiveObjects: 0.346000 ms CreateObjectMapping: 0.272200 ms MarkObjects: 4.661900 ms  DeleteObjects: 0.113200 ms)

AssetImportParameters requested are different than current active one (requested -> active):
  custom:framework-win-MediaFoundation: 216162199b28c13a410421893ffa2e32 -> 
  custom:video-decoder-ogg-theora: a1e56fd34408186e4bbccfd4996cb3dc -> 
  custom:container-muxer-webm: aa71ff27fc2769a1b78a27578f13a17b -> 
  custom:container-demuxer-webm: 4f35f7cbe854078d1ac9338744f61a02 -> 
  custom:container-demuxer-ogg: 62fdf1f143b41e24485cea50d1cbac27 -> 
  custom:video-encoder-webm-vp8: eb34c28f22e8b96e1ab97ce403110664 -> 
  custom:video-codec-MediaFoundation-h265: 746d11721c4dcdbdad8f713fa42b33f4 -> 
  custom:video-decoder-webm-vp8: 9c59270c3fd7afecdb556c50c9e8de78 -> 
  custom:audio-decoder-ogg-vorbis: bf7c407c2cedff20999df2af8eb42d56 -> 
  custom:audio-encoder-webm-vorbis: bf7c407c2cedff20999df2af8eb42d56 -> 
========================================================================
Received Import Request.
  Time since last request: 1253.450479 seconds.
  path: Assets/Sprites/tileLeve1/level1.prefab
  artifactKey: Guid(64edfc3700838d04198eebdff316deb6) Importer(815301076,1909f56bfc062723c751e8b465ee728b)
Start importing Assets/Sprites/tileLeve1/level1.prefab using Guid(64edfc3700838d04198eebdff316deb6) Importer(815301076,1909f56bfc062723c751e8b465ee728b)  -> (artifact id: '4886432079b199cf8d3cbb223f838c2f') in 0.642444 seconds 
  Import took 0.657238 seconds .

========================================================================
Received Import Request.
  Time since last request: 499.459615 seconds.
  path: Assets/Sprites/tileLeve1/GrassPlatform_TileSet_0.asset
  artifactKey: Guid(02129ddeff9f85d4ea9b6d82c907a961) Importer(815301076,1909f56bfc062723c751e8b465ee728b)
Start importing Assets/Sprites/tileLeve1/GrassPlatform_TileSet_0.asset using Guid(02129ddeff9f85d4ea9b6d82c907a961) Importer(815301076,1909f56bfc062723c751e8b465ee728b)  -> (artifact id: '8eebf0cdb376a0fef61e4e04473a0c60') in 0.058825 seconds 
  Import took 0.076405 seconds .

========================================================================
Received Import Request.
  Time since last request: 0.000560 seconds.
  path: Assets/Sprites/tileLeve1/GrassPlatform_TileSet_14.asset
  artifactKey: Guid(804edc1fe0ee13846b1a9b8009f23e65) Importer(815301076,1909f56bfc062723c751e8b465ee728b)
Start importing Assets/Sprites/tileLeve1/GrassPlatform_TileSet_14.asset using Guid(804edc1fe0ee13846b1a9b8009f23e65) Importer(815301076,1909f56bfc062723c751e8b465ee728b)  -> (artifact id: 'e8f646e1d9b70d9cefe516753c956eea') in 0.019417 seconds 
  Import took 0.029134 seconds .

========================================================================
Received Import Request.
  Time since last request: 0.000540 seconds.
  path: Assets/Sprites/tileLeve1/GrassPlatform_TileSet_23.asset
  artifactKey: Guid(7e49caf454047ee4db1243c8a3ab11a6) Importer(815301076,1909f56bfc062723c751e8b465ee728b)
Start importing Assets/Sprites/tileLeve1/GrassPlatform_TileSet_23.asset using Guid(7e49caf454047ee4db1243c8a3ab11a6) Importer(815301076,1909f56bfc062723c751e8b465ee728b)  -> (artifact id: 'ade251631efdaf0db2294b78836adfe2') in 0.022110 seconds 
  Import took 0.030933 seconds .

========================================================================
Received Import Request.
  Time since last request: 0.000282 seconds.
  path: Assets/Sprites/tileLeve1/GrassPlatform_TileSet_25.asset
  artifactKey: Guid(e632aea5faf7cc34eaec561e8176e1ee) Importer(815301076,1909f56bfc062723c751e8b465ee728b)
Start importing Assets/Sprites/tileLeve1/GrassPlatform_TileSet_25.asset using Guid(e632aea5faf7cc34eaec561e8176e1ee) Importer(815301076,1909f56bfc062723c751e8b465ee728b)  -> (artifact id: 'abaca31ff42d4e1dfd526e46e41f2c68') in 0.021215 seconds 
  Import took 0.032005 seconds .

========================================================================
Received Import Request.
  Time since last request: 0.000302 seconds.
  path: Assets/Sprites/tileLeve1/GrassPlatform_TileSet_8.asset
  artifactKey: Guid(c93d3d06b6ff5d842bae7d7b65c5e990) Importer(815301076,1909f56bfc062723c751e8b465ee728b)
Start importing Assets/Sprites/tileLeve1/GrassPlatform_TileSet_8.asset using Guid(c93d3d06b6ff5d842bae7d7b65c5e990) Importer(815301076,1909f56bfc062723c751e8b465ee728b)  -> (artifact id: '3dabae56eea17f9424a5b8632a944d2d') in 0.022914 seconds 
  Import took 0.034224 seconds .

========================================================================
Received Import Request.
  Time since last request: 0.000364 seconds.
  path: Assets/Sprites/tileLeve1/GrassPlatform_TileSet_13.asset
  artifactKey: Guid(83860f058322dbd4086c77e60d189335) Importer(815301076,1909f56bfc062723c751e8b465ee728b)
Start importing Assets/Sprites/tileLeve1/GrassPlatform_TileSet_13.asset using Guid(83860f058322dbd4086c77e60d189335) Importer(815301076,1909f56bfc062723c751e8b465ee728b)  -> (artifact id: '8c966353ddd637764752665efd20c1d3') in 0.018097 seconds 
  Import took 0.029134 seconds .

========================================================================
Received Import Request.
  Time since last request: 0.000318 seconds.
  path: Assets/Sprites/tileLeve1/GrassPlatform_TileSet_9.asset
  artifactKey: Guid(1c0cf3052d0648a44854832cddacb384) Importer(815301076,1909f56bfc062723c751e8b465ee728b)
Start importing Assets/Sprites/tileLeve1/GrassPlatform_TileSet_9.asset using Guid(1c0cf3052d0648a44854832cddacb384) Importer(815301076,1909f56bfc062723c751e8b465ee728b)  -> (artifact id: '90c1d31c44e7d0b188a8c71f47eaf75a') in 0.013715 seconds 
  Import took 0.027057 seconds .

========================================================================
Received Import Request.
  Time since last request: 0.000349 seconds.
  path: Assets/Sprites/tileLeve1/GrassPlatform_TileSet_19.asset
  artifactKey: Guid(822bcf461c91a4845a93348cfc125545) Importer(815301076,1909f56bfc062723c751e8b465ee728b)
Start importing Assets/Sprites/tileLeve1/GrassPlatform_TileSet_19.asset using Guid(822bcf461c91a4845a93348cfc125545) Importer(815301076,1909f56bfc062723c751e8b465ee728b)  -> (artifact id: 'b1e6a85cb20502ac31ab1e55235aa8d6') in 0.017299 seconds 
  Import took 0.028175 seconds .

========================================================================
Received Import Request.
  Time since last request: 0.000619 seconds.
  path: Assets/Sprites/tileLeve1/GrassPlatform_TileSet_18.asset
  artifactKey: Guid(8ffeaec06939a7842a6f6cea6322e683) Importer(815301076,1909f56bfc062723c751e8b465ee728b)
Start importing Assets/Sprites/tileLeve1/GrassPlatform_TileSet_18.asset using Guid(8ffeaec06939a7842a6f6cea6322e683) Importer(815301076,1909f56bfc062723c751e8b465ee728b)  -> (artifact id: 'ee7fd6752339b6afa866a194cd9b024e') in 0.020141 seconds 
  Import took 0.029215 seconds .

========================================================================
Received Import Request.
  Time since last request: 0.000313 seconds.
  path: Assets/Sprites/tileLeve1/GrassPlatform_TileSet_2.asset
  artifactKey: Guid(34217771f98240d48a10b63a0433aded) Importer(815301076,1909f56bfc062723c751e8b465ee728b)
Start importing Assets/Sprites/tileLeve1/GrassPlatform_TileSet_2.asset using Guid(34217771f98240d48a10b63a0433aded) Importer(815301076,1909f56bfc062723c751e8b465ee728b)  -> (artifact id: '8cd80a06b5bf07b0e0bfc7be594bb1a2') in 0.025779 seconds 
  Import took 0.039752 seconds .

========================================================================
Received Import Request.
  Time since last request: 0.000350 seconds.
  path: Assets/Sprites/tileLeve1/GrassPlatform_TileSet_16.asset
  artifactKey: Guid(667741aba0a41194593dcbcb0d7a1d40) Importer(815301076,1909f56bfc062723c751e8b465ee728b)
Start importing Assets/Sprites/tileLeve1/GrassPlatform_TileSet_16.asset using Guid(667741aba0a41194593dcbcb0d7a1d40) Importer(815301076,1909f56bfc062723c751e8b465ee728b)  -> (artifact id: '3c059838a50adb84c25a975144bd6f3c') in 0.018007 seconds 
  Import took 0.026725 seconds .

========================================================================
Received Import Request.
  Time since last request: 0.000332 seconds.
  path: Assets/Sprites/tileLeve1/GrassPlatform_TileSet_22.asset
  artifactKey: Guid(5895b90757a330f47b1af14aa71c645e) Importer(815301076,1909f56bfc062723c751e8b465ee728b)
Start importing Assets/Sprites/tileLeve1/GrassPlatform_TileSet_22.asset using Guid(5895b90757a330f47b1af14aa71c645e) Importer(815301076,1909f56bfc062723c751e8b465ee728b)  -> (artifact id: '8f6d791734c04c33bbe001d7e6c6fc89') in 0.016660 seconds 
  Import took 0.029212 seconds .

========================================================================
Received Import Request.
  Time since last request: 0.000729 seconds.
  path: Assets/Sprites/tileLeve1/GrassPlatform_TileSet_4.asset
  artifactKey: Guid(f8f151fdb7e407b41bfbd974146662e7) Importer(815301076,1909f56bfc062723c751e8b465ee728b)
Start importing Assets/Sprites/tileLeve1/GrassPlatform_TileSet_4.asset using Guid(f8f151fdb7e407b41bfbd974146662e7) Importer(815301076,1909f56bfc062723c751e8b465ee728b)  -> (artifact id: 'ce37ab7519024c22c6a73a2c38c330d9') in 0.022408 seconds 
  Import took 0.032788 seconds .

========================================================================
Received Import Request.
  Time since last request: 0.000393 seconds.
  path: Assets/Sprites/tileLeve1/GrassPlatform_TileSet_21.asset
  artifactKey: Guid(effee90e4e7f41945bfa6993638d63b3) Importer(815301076,1909f56bfc062723c751e8b465ee728b)
Start importing Assets/Sprites/tileLeve1/GrassPlatform_TileSet_21.asset using Guid(effee90e4e7f41945bfa6993638d63b3) Importer(815301076,1909f56bfc062723c751e8b465ee728b)  -> (artifact id: 'e4a062a1f1534f1590d2f09c8e196a25') in 0.021858 seconds 
  Import took 0.032114 seconds .

========================================================================
Received Import Request.
  Time since last request: 0.000414 seconds.
  path: Assets/Sprites/tileLeve1/level1.prefab
  artifactKey: Guid(64edfc3700838d04198eebdff316deb6) Importer(815301076,1909f56bfc062723c751e8b465ee728b)
Start importing Assets/Sprites/tileLeve1/level1.prefab using Guid(64edfc3700838d04198eebdff316deb6) Importer(815301076,1909f56bfc062723c751e8b465ee728b)  -> (artifact id: 'b47791f6af85f06a9c75bb4b8869ceb1') in 0.041797 seconds 
  Import took 0.052521 seconds .

========================================================================
Received Import Request.
  Time since last request: 0.000421 seconds.
  path: Assets/Sprites/tileLeve1/GrassPlatform_TileSet_10.asset
  artifactKey: Guid(686c1924fd366b643bd7e770af3b5d40) Importer(815301076,1909f56bfc062723c751e8b465ee728b)
Start importing Assets/Sprites/tileLeve1/GrassPlatform_TileSet_10.asset using Guid(686c1924fd366b643bd7e770af3b5d40) Importer(815301076,1909f56bfc062723c751e8b465ee728b)  -> (artifact id: '8220c6acd1e50782e5f047caf5586ea5') in 0.017640 seconds 
  Import took 0.028233 seconds .

========================================================================
Received Import Request.
  Time since last request: 0.000353 seconds.
  path: Assets/Sprites/tileLeve1/GrassPlatform_TileSet_17.asset
  artifactKey: Guid(311fe3829ca0771468b80bd4c280d667) Importer(815301076,1909f56bfc062723c751e8b465ee728b)
Start importing Assets/Sprites/tileLeve1/GrassPlatform_TileSet_17.asset using Guid(311fe3829ca0771468b80bd4c280d667) Importer(815301076,1909f56bfc062723c751e8b465ee728b)  -> (artifact id: '9ac2da70e78f4e5360165471671ea0d7') in 0.031241 seconds 
  Import took 0.043514 seconds .

========================================================================
Received Import Request.
  Time since last request: 0.000607 seconds.
  path: Assets/Sprites/tileLeve1/GrassPlatform_TileSet_20.asset
  artifactKey: Guid(40332b0c4049fc24db483e4734c18c5f) Importer(815301076,1909f56bfc062723c751e8b465ee728b)
Start importing Assets/Sprites/tileLeve1/GrassPlatform_TileSet_20.asset using Guid(40332b0c4049fc24db483e4734c18c5f) Importer(815301076,1909f56bfc062723c751e8b465ee728b)  -> (artifact id: 'abec2115a53deb7d7f2539bba748168c') in 0.027946 seconds 
  Import took 0.043611 seconds .

========================================================================
Received Import Request.
  Time since last request: 0.000463 seconds.
  path: Assets/Sprites/tileLeve1/GrassPlatform_TileSet_5.asset
  artifactKey: Guid(b9c0bbbe8d482094cbe62b95dddd4cac) Importer(815301076,1909f56bfc062723c751e8b465ee728b)
Start importing Assets/Sprites/tileLeve1/GrassPlatform_TileSet_5.asset using Guid(b9c0bbbe8d482094cbe62b95dddd4cac) Importer(815301076,1909f56bfc062723c751e8b465ee728b)  -> (artifact id: '81ca76b697d63513228f9b16fbbf03b1') in 0.031065 seconds 
  Import took 0.047933 seconds .

========================================================================
Received Import Request.
  Time since last request: 0.000515 seconds.
  path: Assets/Sprites/tileLeve1/GrassPlatform_TileSet_12.asset
  artifactKey: Guid(1cf86f3d4417e574eac937f331561326) Importer(815301076,1909f56bfc062723c751e8b465ee728b)
Start importing Assets/Sprites/tileLeve1/GrassPlatform_TileSet_12.asset using Guid(1cf86f3d4417e574eac937f331561326) Importer(815301076,1909f56bfc062723c751e8b465ee728b)  -> (artifact id: '58d1bf48683793b00ac39689a7955d74') in 0.024022 seconds 
  Import took 0.040452 seconds .

========================================================================
Received Import Request.
  Time since last request: 0.000563 seconds.
  path: Assets/Sprites/tileLeve1/GrassPlatform_TileSet_15.asset
  artifactKey: Guid(72cb02abd6b86cd4e83d7a9f73b00437) Importer(815301076,1909f56bfc062723c751e8b465ee728b)
Start importing Assets/Sprites/tileLeve1/GrassPlatform_TileSet_15.asset using Guid(72cb02abd6b86cd4e83d7a9f73b00437) Importer(815301076,1909f56bfc062723c751e8b465ee728b)  -> (artifact id: '4133d758de64fbe21d24b232bc0ef9ad') in 0.029954 seconds 
  Import took 0.044258 seconds .

========================================================================
Received Import Request.
  Time since last request: 0.000841 seconds.
  path: Assets/Sprites/tileLeve1/GrassPlatform_TileSet_3.asset
  artifactKey: Guid(c2efe472fab9b914cbdd40cac3c3ab77) Importer(815301076,1909f56bfc062723c751e8b465ee728b)
Start importing Assets/Sprites/tileLeve1/GrassPlatform_TileSet_3.asset using Guid(c2efe472fab9b914cbdd40cac3c3ab77) Importer(815301076,1909f56bfc062723c751e8b465ee728b)  -> (artifact id: 'ee37cd26a8b82dac22b9b5cfa9597b96') in 0.029315 seconds 
  Import took 0.045975 seconds .

========================================================================
Received Import Request.
  Time since last request: 0.000501 seconds.
  path: Assets/Sprites/tileLeve1/GrassPlatform_TileSet_11.asset
  artifactKey: Guid(0673046aa59eaba4da777d040963b5db) Importer(815301076,1909f56bfc062723c751e8b465ee728b)
Start importing Assets/Sprites/tileLeve1/GrassPlatform_TileSet_11.asset using Guid(0673046aa59eaba4da777d040963b5db) Importer(815301076,1909f56bfc062723c751e8b465ee728b)  -> (artifact id: '1eebd5e990446efbf3093bc0b5538ae8') in 0.028635 seconds 
  Import took 0.045566 seconds .

========================================================================
Received Import Request.
  Time since last request: 0.000487 seconds.
  path: Assets/Sprites/tileLeve1/GrassPlatform_TileSet_7.asset
  artifactKey: Guid(8815ecc4f2bd77e499fa90b11be5fd91) Importer(815301076,1909f56bfc062723c751e8b465ee728b)
Start importing Assets/Sprites/tileLeve1/GrassPlatform_TileSet_7.asset using Guid(8815ecc4f2bd77e499fa90b11be5fd91) Importer(815301076,1909f56bfc062723c751e8b465ee728b)  -> (artifact id: '9a4e71ebf2ba9b615d17a6710181ed04') in 0.024945 seconds 
  Import took 0.044378 seconds .

========================================================================
Received Import Request.
  Time since last request: 0.000553 seconds.
  path: Assets/Sprites/tileLeve1/GrassPlatform_TileSet_24.asset
  artifactKey: Guid(5458c089e4ff4894aab95e0d948ebdb8) Importer(815301076,1909f56bfc062723c751e8b465ee728b)
Start importing Assets/Sprites/tileLeve1/GrassPlatform_TileSet_24.asset using Guid(5458c089e4ff4894aab95e0d948ebdb8) Importer(815301076,1909f56bfc062723c751e8b465ee728b)  -> (artifact id: '4620e4dde518ff8b001a9dee85aacd0e') in 0.026903 seconds 
  Import took 0.041110 seconds .

========================================================================
Received Import Request.
  Time since last request: 0.000518 seconds.
  path: Assets/Sprites/tileLeve1/GrassPlatform_TileSet_1.asset
  artifactKey: Guid(276bf541c9f4d8842bddab016c439324) Importer(815301076,1909f56bfc062723c751e8b465ee728b)
Start importing Assets/Sprites/tileLeve1/GrassPlatform_TileSet_1.asset using Guid(276bf541c9f4d8842bddab016c439324) Importer(815301076,1909f56bfc062723c751e8b465ee728b)  -> (artifact id: 'a8a74e11a6b99b421c9cedc4817890dc') in 0.028681 seconds 
  Import took 0.047600 seconds .

========================================================================
Received Import Request.
  Time since last request: 0.000458 seconds.
  path: Assets/Sprites/tileLeve1/GrassPlatform_TileSet_6.asset
  artifactKey: Guid(7eaeb2c5f5a0c604490cfeef6865f16e) Importer(815301076,1909f56bfc062723c751e8b465ee728b)
Start importing Assets/Sprites/tileLeve1/GrassPlatform_TileSet_6.asset using Guid(7eaeb2c5f5a0c604490cfeef6865f16e) Importer(815301076,1909f56bfc062723c751e8b465ee728b)  -> (artifact id: '11ef0724acb6701f686d5293d8384682') in 0.023490 seconds 
  Import took 0.042428 seconds .

========================================================================
Received Prepare
Registering precompiled user dll's ...
Registered in 0.017939 seconds.
Begin MonoManager ReloadAssembly
Native extension for WindowsStandalone target not found
Native extension for WebGL target not found
Refreshing native plugins compatible for Editor in 1.41 ms, found 3 plugins.
Preloading 0 native plugins for Editor in 0.00 ms.
Mono: successfully reloaded assembly
- Completed reload, in  2.875 seconds
Domain Reload Profiling:
	ReloadAssembly (2876ms)
		BeginReloadAssembly (375ms)
			ExecutionOrderSort (0ms)
			DisableScriptedObjects (26ms)
			BackupInstance (0ms)
			ReleaseScriptingObjects (0ms)
			CreateAndSetChildDomain (95ms)
		EndReloadAssembly (2372ms)
			LoadAssemblies (293ms)
			RebuildTransferFunctionScriptingTraits (0ms)
			SetupTypeCache (831ms)
			ReleaseScriptCaches (3ms)
			RebuildScriptCaches (128ms)
			SetupLoadedEditorAssemblies (804ms)
				LogAssemblyErrors (0ms)
				InitializePlatformSupportModulesInManaged (11ms)
				SetLoadedEditorAssemblies (1ms)
				RefreshPlugins (2ms)
				BeforeProcessingInitializeOnLoad (187ms)
				ProcessInitializeOnLoadAttributes (573ms)
				ProcessInitializeOnLoadMethodAttributes (22ms)
				AfterProcessingInitializeOnLoad (9ms)
				EditorAssembliesLoaded (0ms)
			ExecutionOrderSort2 (0ms)
			AwakeInstancesAfterBackupRestoration (45ms)
Platform modules already initialized, skipping
Refreshing native plugins compatible for Editor in 1.30 ms, found 3 plugins.
Preloading 0 native plugins for Editor in 0.00 ms.
Unloading 3645 Unused Serialized files (Serialized files now loaded: 0)
System memory in use before: 158.5 MB.
System memory in use after: 158.6 MB.

Unloading 24 unused Assets to reduce memory usage. Loaded Objects now: 4250.
Total: 12.980200 ms (FindLiveObjects: 2.484200 ms CreateObjectMapping: 1.626400 ms MarkObjects: 8.658400 ms  DeleteObjects: 0.207300 ms)

AssetImportParameters requested are different than current active one (requested -> active):
  custom:framework-win-MediaFoundation: 216162199b28c13a410421893ffa2e32 -> 
  custom:video-decoder-ogg-theora: a1e56fd34408186e4bbccfd4996cb3dc -> 
  custom:container-muxer-webm: aa71ff27fc2769a1b78a27578f13a17b -> 
  custom:container-demuxer-webm: 4f35f7cbe854078d1ac9338744f61a02 -> 
  custom:container-demuxer-ogg: 62fdf1f143b41e24485cea50d1cbac27 -> 
  custom:video-encoder-webm-vp8: eb34c28f22e8b96e1ab97ce403110664 -> 
  custom:video-codec-MediaFoundation-h265: 746d11721c4dcdbdad8f713fa42b33f4 -> 
  custom:video-decoder-webm-vp8: 9c59270c3fd7afecdb556c50c9e8de78 -> 
  custom:audio-decoder-ogg-vorbis: bf7c407c2cedff20999df2af8eb42d56 -> 
  custom:audio-encoder-webm-vorbis: bf7c407c2cedff20999df2af8eb42d56 -> 
========================================================================
Received Prepare
Registering precompiled user dll's ...
Registered in 0.016307 seconds.
Begin MonoManager ReloadAssembly
Native extension for WindowsStandalone target not found
Native extension for WebGL target not found
Refreshing native plugins compatible for Editor in 1.53 ms, found 3 plugins.
Preloading 0 native plugins for Editor in 0.00 ms.
Mono: successfully reloaded assembly
- Completed reload, in  3.126 seconds
Domain Reload Profiling:
	ReloadAssembly (3127ms)
		BeginReloadAssembly (301ms)
			ExecutionOrderSort (0ms)
			DisableScriptedObjects (25ms)
			BackupInstance (0ms)
			ReleaseScriptingObjects (0ms)
			CreateAndSetChildDomain (90ms)
		EndReloadAssembly (2655ms)
			LoadAssemblies (271ms)
			RebuildTransferFunctionScriptingTraits (0ms)
			SetupTypeCache (881ms)
			ReleaseScriptCaches (3ms)
			RebuildScriptCaches (129ms)
			SetupLoadedEditorAssemblies (970ms)
				LogAssemblyErrors (0ms)
				InitializePlatformSupportModulesInManaged (13ms)
				SetLoadedEditorAssemblies (1ms)
				RefreshPlugins (2ms)
				BeforeProcessingInitializeOnLoad (215ms)
				ProcessInitializeOnLoadAttributes (694ms)
				ProcessInitializeOnLoadMethodAttributes (26ms)
				AfterProcessingInitializeOnLoad (18ms)
				EditorAssembliesLoaded (0ms)
			ExecutionOrderSort2 (0ms)
			AwakeInstancesAfterBackupRestoration (45ms)
Platform modules already initialized, skipping
Refreshing native plugins compatible for Editor in 4.23 ms, found 3 plugins.
Preloading 0 native plugins for Editor in 0.00 ms.
Unloading 3645 Unused Serialized files (Serialized files now loaded: 0)
System memory in use before: 158.5 MB.
System memory in use after: 158.6 MB.

Unloading 24 unused Assets to reduce memory usage. Loaded Objects now: 4252.
Total: 5.117000 ms (FindLiveObjects: 0.378300 ms CreateObjectMapping: 0.228100 ms MarkObjects: 4.393100 ms  DeleteObjects: 0.116200 ms)

AssetImportParameters requested are different than current active one (requested -> active):
  custom:framework-win-MediaFoundation: 216162199b28c13a410421893ffa2e32 -> 
  custom:video-decoder-ogg-theora: a1e56fd34408186e4bbccfd4996cb3dc -> 
  custom:container-muxer-webm: aa71ff27fc2769a1b78a27578f13a17b -> 
  custom:container-demuxer-webm: 4f35f7cbe854078d1ac9338744f61a02 -> 
  custom:container-demuxer-ogg: 62fdf1f143b41e24485cea50d1cbac27 -> 
  custom:video-encoder-webm-vp8: eb34c28f22e8b96e1ab97ce403110664 -> 
  custom:video-codec-MediaFoundation-h265: 746d11721c4dcdbdad8f713fa42b33f4 -> 
  custom:video-decoder-webm-vp8: 9c59270c3fd7afecdb556c50c9e8de78 -> 
  custom:audio-decoder-ogg-vorbis: bf7c407c2cedff20999df2af8eb42d56 -> 
  custom:audio-encoder-webm-vorbis: bf7c407c2cedff20999df2af8eb42d56 -> 
========================================================================
Received Prepare
Registering precompiled user dll's ...
Registered in 0.016803 seconds.
Begin MonoManager ReloadAssembly
Native extension for WindowsStandalone target not found
Native extension for WebGL target not found
Refreshing native plugins compatible for Editor in 1.51 ms, found 3 plugins.
Preloading 0 native plugins for Editor in 0.00 ms.
Mono: successfully reloaded assembly
- Completed reload, in  3.077 seconds
Domain Reload Profiling:
	ReloadAssembly (3078ms)
		BeginReloadAssembly (286ms)
			ExecutionOrderSort (0ms)
			DisableScriptedObjects (21ms)
			BackupInstance (0ms)
			ReleaseScriptingObjects (0ms)
			CreateAndSetChildDomain (87ms)
		EndReloadAssembly (2625ms)
			LoadAssemblies (233ms)
			RebuildTransferFunctionScriptingTraits (0ms)
			SetupTypeCache (875ms)
			ReleaseScriptCaches (4ms)
			RebuildScriptCaches (149ms)
			SetupLoadedEditorAssemblies (946ms)
				LogAssemblyErrors (0ms)
				InitializePlatformSupportModulesInManaged (13ms)
				SetLoadedEditorAssemblies (2ms)
				RefreshPlugins (2ms)
				BeforeProcessingInitializeOnLoad (209ms)
				ProcessInitializeOnLoadAttributes (675ms)
				ProcessInitializeOnLoadMethodAttributes (26ms)
				AfterProcessingInitializeOnLoad (19ms)
				EditorAssembliesLoaded (0ms)
			ExecutionOrderSort2 (0ms)
			AwakeInstancesAfterBackupRestoration (46ms)
Platform modules already initialized, skipping
Refreshing native plugins compatible for Editor in 2.73 ms, found 3 plugins.
Preloading 0 native plugins for Editor in 0.00 ms.
Unloading 3645 Unused Serialized files (Serialized files now loaded: 0)
System memory in use before: 158.5 MB.
System memory in use after: 158.6 MB.

Unloading 24 unused Assets to reduce memory usage. Loaded Objects now: 4254.
Total: 6.335200 ms (FindLiveObjects: 0.552600 ms CreateObjectMapping: 0.323700 ms MarkObjects: 5.257700 ms  DeleteObjects: 0.198700 ms)

AssetImportParameters requested are different than current active one (requested -> active):
  custom:framework-win-MediaFoundation: 216162199b28c13a410421893ffa2e32 -> 
  custom:video-decoder-ogg-theora: a1e56fd34408186e4bbccfd4996cb3dc -> 
  custom:container-muxer-webm: aa71ff27fc2769a1b78a27578f13a17b -> 
  custom:container-demuxer-webm: 4f35f7cbe854078d1ac9338744f61a02 -> 
  custom:container-demuxer-ogg: 62fdf1f143b41e24485cea50d1cbac27 -> 
  custom:video-encoder-webm-vp8: eb34c28f22e8b96e1ab97ce403110664 -> 
  custom:video-codec-MediaFoundation-h265: 746d11721c4dcdbdad8f713fa42b33f4 -> 
  custom:video-decoder-webm-vp8: 9c59270c3fd7afecdb556c50c9e8de78 -> 
  custom:audio-decoder-ogg-vorbis: bf7c407c2cedff20999df2af8eb42d56 -> 
  custom:audio-encoder-webm-vorbis: bf7c407c2cedff20999df2af8eb42d56 -> 
========================================================================
Received Prepare
Registering precompiled user dll's ...
Registered in 0.014998 seconds.
Begin MonoManager ReloadAssembly
Native extension for WindowsStandalone target not found
Native extension for WebGL target not found
Refreshing native plugins compatible for Editor in 1.54 ms, found 3 plugins.
Preloading 0 native plugins for Editor in 0.00 ms.
Mono: successfully reloaded assembly
- Completed reload, in  3.030 seconds
Domain Reload Profiling:
	ReloadAssembly (3031ms)
		BeginReloadAssembly (248ms)
			ExecutionOrderSort (0ms)
			DisableScriptedObjects (18ms)
			BackupInstance (0ms)
			ReleaseScriptingObjects (0ms)
			CreateAndSetChildDomain (85ms)
		EndReloadAssembly (2591ms)
			LoadAssemblies (222ms)
			RebuildTransferFunctionScriptingTraits (0ms)
			SetupTypeCache (894ms)
			ReleaseScriptCaches (3ms)
			RebuildScriptCaches (133ms)
			SetupLoadedEditorAssemblies (910ms)
				LogAssemblyErrors (0ms)
				InitializePlatformSupportModulesInManaged (13ms)
				SetLoadedEditorAssemblies (1ms)
				RefreshPlugins (2ms)
				BeforeProcessingInitializeOnLoad (187ms)
				ProcessInitializeOnLoadAttributes (662ms)
				ProcessInitializeOnLoadMethodAttributes (26ms)
				AfterProcessingInitializeOnLoad (20ms)
				EditorAssembliesLoaded (0ms)
			ExecutionOrderSort2 (0ms)
			AwakeInstancesAfterBackupRestoration (47ms)
Platform modules already initialized, skipping
Refreshing native plugins compatible for Editor in 1.16 ms, found 3 plugins.
Preloading 0 native plugins for Editor in 0.00 ms.
Unloading 3645 Unused Serialized files (Serialized files now loaded: 0)
System memory in use before: 158.5 MB.
System memory in use after: 158.6 MB.

Unloading 24 unused Assets to reduce memory usage. Loaded Objects now: 4256.
Total: 8.445800 ms (FindLiveObjects: 0.673700 ms CreateObjectMapping: 0.372300 ms MarkObjects: 7.147200 ms  DeleteObjects: 0.250400 ms)

AssetImportParameters requested are different than current active one (requested -> active):
  custom:framework-win-MediaFoundation: 216162199b28c13a410421893ffa2e32 -> 
  custom:video-decoder-ogg-theora: a1e56fd34408186e4bbccfd4996cb3dc -> 
  custom:container-muxer-webm: aa71ff27fc2769a1b78a27578f13a17b -> 
  custom:container-demuxer-webm: 4f35f7cbe854078d1ac9338744f61a02 -> 
  custom:container-demuxer-ogg: 62fdf1f143b41e24485cea50d1cbac27 -> 
  custom:video-encoder-webm-vp8: eb34c28f22e8b96e1ab97ce403110664 -> 
  custom:video-codec-MediaFoundation-h265: 746d11721c4dcdbdad8f713fa42b33f4 -> 
  custom:video-decoder-webm-vp8: 9c59270c3fd7afecdb556c50c9e8de78 -> 
  custom:audio-decoder-ogg-vorbis: bf7c407c2cedff20999df2af8eb42d56 -> 
  custom:audio-encoder-webm-vorbis: bf7c407c2cedff20999df2af8eb42d56 -> 
========================================================================
Received Prepare
Registering precompiled user dll's ...
Registered in 0.019836 seconds.
Begin MonoManager ReloadAssembly
Native extension for WindowsStandalone target not found
Native extension for WebGL target not found
Refreshing native plugins compatible for Editor in 2.47 ms, found 3 plugins.
Preloading 0 native plugins for Editor in 0.00 ms.
Mono: successfully reloaded assembly
- Completed reload, in  3.257 seconds
Domain Reload Profiling:
	ReloadAssembly (3258ms)
		BeginReloadAssembly (294ms)
			ExecutionOrderSort (0ms)
			DisableScriptedObjects (14ms)
			BackupInstance (0ms)
			ReleaseScriptingObjects (0ms)
			CreateAndSetChildDomain (87ms)
		EndReloadAssembly (2758ms)
			LoadAssemblies (286ms)
			RebuildTransferFunctionScriptingTraits (0ms)
			SetupTypeCache (823ms)
			ReleaseScriptCaches (4ms)
			RebuildScriptCaches (155ms)
			SetupLoadedEditorAssemblies (1080ms)
				LogAssemblyErrors (0ms)
				InitializePlatformSupportModulesInManaged (16ms)
				SetLoadedEditorAssemblies (2ms)
				RefreshPlugins (3ms)
				BeforeProcessingInitializeOnLoad (248ms)
				ProcessInitializeOnLoadAttributes (726ms)
				ProcessInitializeOnLoadMethodAttributes (55ms)
				AfterProcessingInitializeOnLoad (31ms)
				EditorAssembliesLoaded (0ms)
			ExecutionOrderSort2 (0ms)
			AwakeInstancesAfterBackupRestoration (62ms)
Platform modules already initialized, skipping
Refreshing native plugins compatible for Editor in 1.50 ms, found 3 plugins.
Preloading 0 native plugins for Editor in 0.00 ms.
Unloading 3645 Unused Serialized files (Serialized files now loaded: 0)
System memory in use before: 158.5 MB.
System memory in use after: 158.7 MB.

Unloading 24 unused Assets to reduce memory usage. Loaded Objects now: 4258.
Total: 5.211500 ms (FindLiveObjects: 0.361800 ms CreateObjectMapping: 0.228000 ms MarkObjects: 4.455200 ms  DeleteObjects: 0.165400 ms)

AssetImportParameters requested are different than current active one (requested -> active):
  custom:framework-win-MediaFoundation: 216162199b28c13a410421893ffa2e32 -> 
  custom:video-decoder-ogg-theora: a1e56fd34408186e4bbccfd4996cb3dc -> 
  custom:container-muxer-webm: aa71ff27fc2769a1b78a27578f13a17b -> 
  custom:container-demuxer-webm: 4f35f7cbe854078d1ac9338744f61a02 -> 
  custom:container-demuxer-ogg: 62fdf1f143b41e24485cea50d1cbac27 -> 
  custom:video-encoder-webm-vp8: eb34c28f22e8b96e1ab97ce403110664 -> 
  custom:video-codec-MediaFoundation-h265: 746d11721c4dcdbdad8f713fa42b33f4 -> 
  custom:video-decoder-webm-vp8: 9c59270c3fd7afecdb556c50c9e8de78 -> 
  custom:audio-decoder-ogg-vorbis: bf7c407c2cedff20999df2af8eb42d56 -> 
  custom:audio-encoder-webm-vorbis: bf7c407c2cedff20999df2af8eb42d56 -> 
========================================================================
Received Prepare
Registering precompiled user dll's ...
Registered in 0.012687 seconds.
Begin MonoManager ReloadAssembly
Native extension for WindowsStandalone target not found
Native extension for WebGL target not found
Refreshing native plugins compatible for Editor in 1.40 ms, found 3 plugins.
Preloading 0 native plugins for Editor in 0.00 ms.
Mono: successfully reloaded assembly
- Completed reload, in  2.861 seconds
Domain Reload Profiling:
	ReloadAssembly (2862ms)
		BeginReloadAssembly (268ms)
			ExecutionOrderSort (0ms)
			DisableScriptedObjects (14ms)
			BackupInstance (0ms)
			ReleaseScriptingObjects (0ms)
			CreateAndSetChildDomain (88ms)
		EndReloadAssembly (2426ms)
			LoadAssemblies (271ms)
			RebuildTransferFunctionScriptingTraits (0ms)
			SetupTypeCache (795ms)
			ReleaseScriptCaches (2ms)
			RebuildScriptCaches (117ms)
			SetupLoadedEditorAssemblies (863ms)
				LogAssemblyErrors (0ms)
				InitializePlatformSupportModulesInManaged (7ms)
				SetLoadedEditorAssemblies (1ms)
				RefreshPlugins (2ms)
				BeforeProcessingInitializeOnLoad (192ms)
				ProcessInitializeOnLoadAttributes (624ms)
				ProcessInitializeOnLoadMethodAttributes (24ms)
				AfterProcessingInitializeOnLoad (13ms)
				EditorAssembliesLoaded (0ms)
			ExecutionOrderSort2 (0ms)
			AwakeInstancesAfterBackupRestoration (48ms)
Platform modules already initialized, skipping
Refreshing native plugins compatible for Editor in 0.95 ms, found 3 plugins.
Preloading 0 native plugins for Editor in 0.00 ms.
Unloading 3645 Unused Serialized files (Serialized files now loaded: 0)
System memory in use before: 158.5 MB.
System memory in use after: 158.7 MB.

Unloading 24 unused Assets to reduce memory usage. Loaded Objects now: 4260.
Total: 11.012400 ms (FindLiveObjects: 0.502000 ms CreateObjectMapping: 1.091200 ms MarkObjects: 9.172000 ms  DeleteObjects: 0.245600 ms)

AssetImportParameters requested are different than current active one (requested -> active):
  custom:framework-win-MediaFoundation: 216162199b28c13a410421893ffa2e32 -> 
  custom:video-decoder-ogg-theora: a1e56fd34408186e4bbccfd4996cb3dc -> 
  custom:container-muxer-webm: aa71ff27fc2769a1b78a27578f13a17b -> 
  custom:container-demuxer-webm: 4f35f7cbe854078d1ac9338744f61a02 -> 
  custom:container-demuxer-ogg: 62fdf1f143b41e24485cea50d1cbac27 -> 
  custom:video-encoder-webm-vp8: eb34c28f22e8b96e1ab97ce403110664 -> 
  custom:video-codec-MediaFoundation-h265: 746d11721c4dcdbdad8f713fa42b33f4 -> 
  custom:video-decoder-webm-vp8: 9c59270c3fd7afecdb556c50c9e8de78 -> 
  custom:audio-decoder-ogg-vorbis: bf7c407c2cedff20999df2af8eb42d56 -> 
  custom:audio-encoder-webm-vorbis: bf7c407c2cedff20999df2af8eb42d56 -> 
========================================================================
Received Prepare
Registering precompiled user dll's ...
Registered in 0.009524 seconds.
Begin MonoManager ReloadAssembly
Native extension for WindowsStandalone target not found
Native extension for WebGL target not found
Refreshing native plugins compatible for Editor in 1.28 ms, found 3 plugins.
Preloading 0 native plugins for Editor in 0.00 ms.
Mono: successfully reloaded assembly
- Completed reload, in  3.041 seconds
Domain Reload Profiling:
	ReloadAssembly (3043ms)
		BeginReloadAssembly (301ms)
			ExecutionOrderSort (0ms)
			DisableScriptedObjects (14ms)
			BackupInstance (0ms)
			ReleaseScriptingObjects (0ms)
			CreateAndSetChildDomain (88ms)
		EndReloadAssembly (2582ms)
			LoadAssemblies (288ms)
			RebuildTransferFunctionScriptingTraits (0ms)
			SetupTypeCache (893ms)
			ReleaseScriptCaches (3ms)
			RebuildScriptCaches (123ms)
			SetupLoadedEditorAssemblies (884ms)
				LogAssemblyErrors (0ms)
				InitializePlatformSupportModulesInManaged (14ms)
				SetLoadedEditorAssemblies (1ms)
				RefreshPlugins (2ms)
				BeforeProcessingInitializeOnLoad (202ms)
				ProcessInitializeOnLoadAttributes (621ms)
				ProcessInitializeOnLoadMethodAttributes (25ms)
				AfterProcessingInitializeOnLoad (18ms)
				EditorAssembliesLoaded (0ms)
			ExecutionOrderSort2 (0ms)
			AwakeInstancesAfterBackupRestoration (46ms)
Platform modules already initialized, skipping
Refreshing native plugins compatible for Editor in 2.33 ms, found 3 plugins.
Preloading 0 native plugins for Editor in 0.00 ms.
Unloading 3645 Unused Serialized files (Serialized files now loaded: 0)
System memory in use before: 158.5 MB.
System memory in use after: 158.7 MB.

Unloading 24 unused Assets to reduce memory usage. Loaded Objects now: 4262.
Total: 7.877200 ms (FindLiveObjects: 0.534900 ms CreateObjectMapping: 0.331900 ms MarkObjects: 6.761500 ms  DeleteObjects: 0.247200 ms)

AssetImportParameters requested are different than current active one (requested -> active):
  custom:framework-win-MediaFoundation: 216162199b28c13a410421893ffa2e32 -> 
  custom:video-decoder-ogg-theora: a1e56fd34408186e4bbccfd4996cb3dc -> 
  custom:container-muxer-webm: aa71ff27fc2769a1b78a27578f13a17b -> 
  custom:container-demuxer-webm: 4f35f7cbe854078d1ac9338744f61a02 -> 
  custom:container-demuxer-ogg: 62fdf1f143b41e24485cea50d1cbac27 -> 
  custom:video-encoder-webm-vp8: eb34c28f22e8b96e1ab97ce403110664 -> 
  custom:video-codec-MediaFoundation-h265: 746d11721c4dcdbdad8f713fa42b33f4 -> 
  custom:video-decoder-webm-vp8: 9c59270c3fd7afecdb556c50c9e8de78 -> 
  custom:audio-decoder-ogg-vorbis: bf7c407c2cedff20999df2af8eb42d56 -> 
  custom:audio-encoder-webm-vorbis: bf7c407c2cedff20999df2af8eb42d56 -> 
========================================================================
Received Prepare
Registering precompiled user dll's ...
Registered in 0.028350 seconds.
Begin MonoManager ReloadAssembly
Native extension for WindowsStandalone target not found
Native extension for WebGL target not found
Refreshing native plugins compatible for Editor in 1.60 ms, found 3 plugins.
Preloading 0 native plugins for Editor in 0.00 ms.
Mono: successfully reloaded assembly
- Completed reload, in  2.840 seconds
Domain Reload Profiling:
	ReloadAssembly (2841ms)
		BeginReloadAssembly (192ms)
			ExecutionOrderSort (0ms)
			DisableScriptedObjects (12ms)
			BackupInstance (0ms)
			ReleaseScriptingObjects (0ms)
			CreateAndSetChildDomain (87ms)
		EndReloadAssembly (2584ms)
			LoadAssemblies (151ms)
			RebuildTransferFunctionScriptingTraits (0ms)
			SetupTypeCache (874ms)
			ReleaseScriptCaches (3ms)
			RebuildScriptCaches (120ms)
			SetupLoadedEditorAssemblies (960ms)
				LogAssemblyErrors (0ms)
				InitializePlatformSupportModulesInManaged (13ms)
				SetLoadedEditorAssemblies (1ms)
				RefreshPlugins (2ms)
				BeforeProcessingInitializeOnLoad (207ms)
				ProcessInitializeOnLoadAttributes (691ms)
				ProcessInitializeOnLoadMethodAttributes (27ms)
				AfterProcessingInitializeOnLoad (19ms)
				EditorAssembliesLoaded (0ms)
			ExecutionOrderSort2 (0ms)
			AwakeInstancesAfterBackupRestoration (44ms)
Platform modules already initialized, skipping
Refreshing native plugins compatible for Editor in 1.37 ms, found 3 plugins.
Preloading 0 native plugins for Editor in 0.00 ms.
Unloading 3645 Unused Serialized files (Serialized files now loaded: 0)
System memory in use before: 158.5 MB.
System memory in use after: 158.7 MB.

Unloading 24 unused Assets to reduce memory usage. Loaded Objects now: 4264.
Total: 6.502600 ms (FindLiveObjects: 0.539200 ms CreateObjectMapping: 0.243100 ms MarkObjects: 5.584800 ms  DeleteObjects: 0.116100 ms)

AssetImportParameters requested are different than current active one (requested -> active):
  custom:framework-win-MediaFoundation: 216162199b28c13a410421893ffa2e32 -> 
  custom:video-decoder-ogg-theora: a1e56fd34408186e4bbccfd4996cb3dc -> 
  custom:container-muxer-webm: aa71ff27fc2769a1b78a27578f13a17b -> 
  custom:container-demuxer-webm: 4f35f7cbe854078d1ac9338744f61a02 -> 
  custom:container-demuxer-ogg: 62fdf1f143b41e24485cea50d1cbac27 -> 
  custom:video-encoder-webm-vp8: eb34c28f22e8b96e1ab97ce403110664 -> 
  custom:video-codec-MediaFoundation-h265: 746d11721c4dcdbdad8f713fa42b33f4 -> 
  custom:video-decoder-webm-vp8: 9c59270c3fd7afecdb556c50c9e8de78 -> 
  custom:audio-decoder-ogg-vorbis: bf7c407c2cedff20999df2af8eb42d56 -> 
  custom:audio-encoder-webm-vorbis: bf7c407c2cedff20999df2af8eb42d56 -> 
========================================================================
Received Prepare
Registering precompiled user dll's ...
Registered in 0.006627 seconds.
Begin MonoManager ReloadAssembly
Native extension for WindowsStandalone target not found
Native extension for WebGL target not found
Refreshing native plugins compatible for Editor in 1.52 ms, found 3 plugins.
Preloading 0 native plugins for Editor in 0.00 ms.
Mono: successfully reloaded assembly
- Completed reload, in  2.930 seconds
Domain Reload Profiling:
	ReloadAssembly (2931ms)
		BeginReloadAssembly (271ms)
			ExecutionOrderSort (0ms)
			DisableScriptedObjects (15ms)
			BackupInstance (0ms)
			ReleaseScriptingObjects (0ms)
			CreateAndSetChildDomain (73ms)
		EndReloadAssembly (2501ms)
			LoadAssemblies (276ms)
			RebuildTransferFunctionScriptingTraits (0ms)
			SetupTypeCache (870ms)
			ReleaseScriptCaches (3ms)
			RebuildScriptCaches (125ms)
			SetupLoadedEditorAssemblies (855ms)
				LogAssemblyErrors (0ms)
				InitializePlatformSupportModulesInManaged (13ms)
				SetLoadedEditorAssemblies (1ms)
				RefreshPlugins (2ms)
				BeforeProcessingInitializeOnLoad (177ms)
				ProcessInitializeOnLoadAttributes (618ms)
				ProcessInitializeOnLoadMethodAttributes (24ms)
				AfterProcessingInitializeOnLoad (19ms)
				EditorAssembliesLoaded (0ms)
			ExecutionOrderSort2 (0ms)
			AwakeInstancesAfterBackupRestoration (53ms)
Platform modules already initialized, skipping
Refreshing native plugins compatible for Editor in 1.84 ms, found 3 plugins.
Preloading 0 native plugins for Editor in 0.00 ms.
Unloading 3645 Unused Serialized files (Serialized files now loaded: 0)
System memory in use before: 158.5 MB.
System memory in use after: 158.7 MB.

Unloading 24 unused Assets to reduce memory usage. Loaded Objects now: 4266.
Total: 5.253100 ms (FindLiveObjects: 0.440300 ms CreateObjectMapping: 0.221500 ms MarkObjects: 4.443800 ms  DeleteObjects: 0.145300 ms)

AssetImportParameters requested are different than current active one (requested -> active):
  custom:framework-win-MediaFoundation: 216162199b28c13a410421893ffa2e32 -> 
  custom:video-decoder-ogg-theora: a1e56fd34408186e4bbccfd4996cb3dc -> 
  custom:container-muxer-webm: aa71ff27fc2769a1b78a27578f13a17b -> 
  custom:container-demuxer-webm: 4f35f7cbe854078d1ac9338744f61a02 -> 
  custom:container-demuxer-ogg: 62fdf1f143b41e24485cea50d1cbac27 -> 
  custom:video-encoder-webm-vp8: eb34c28f22e8b96e1ab97ce403110664 -> 
  custom:video-codec-MediaFoundation-h265: 746d11721c4dcdbdad8f713fa42b33f4 -> 
  custom:video-decoder-webm-vp8: 9c59270c3fd7afecdb556c50c9e8de78 -> 
  custom:audio-decoder-ogg-vorbis: bf7c407c2cedff20999df2af8eb42d56 -> 
  custom:audio-encoder-webm-vorbis: bf7c407c2cedff20999df2af8eb42d56 -> 
========================================================================
Received Prepare
Registering precompiled user dll's ...
Registered in 0.013892 seconds.
Begin MonoManager ReloadAssembly
Native extension for WindowsStandalone target not found
Native extension for WebGL target not found
Refreshing native plugins compatible for Editor in 1.27 ms, found 3 plugins.
Preloading 0 native plugins for Editor in 0.00 ms.
Mono: successfully reloaded assembly
- Completed reload, in  1.860 seconds
Domain Reload Profiling:
	ReloadAssembly (1860ms)
		BeginReloadAssembly (179ms)
			ExecutionOrderSort (0ms)
			DisableScriptedObjects (8ms)
			BackupInstance (0ms)
			ReleaseScriptingObjects (0ms)
			CreateAndSetChildDomain (57ms)
		EndReloadAssembly (1539ms)
			LoadAssemblies (177ms)
			RebuildTransferFunctionScriptingTraits (0ms)
			SetupTypeCache (519ms)
			ReleaseScriptCaches (2ms)
			RebuildScriptCaches (66ms)
			SetupLoadedEditorAssemblies (551ms)
				LogAssemblyErrors (0ms)
				InitializePlatformSupportModulesInManaged (6ms)
				SetLoadedEditorAssemblies (1ms)
				RefreshPlugins (1ms)
				BeforeProcessingInitializeOnLoad (105ms)
				ProcessInitializeOnLoadAttributes (410ms)
				ProcessInitializeOnLoadMethodAttributes (18ms)
				AfterProcessingInitializeOnLoad (10ms)
				EditorAssembliesLoaded (0ms)
			ExecutionOrderSort2 (0ms)
			AwakeInstancesAfterBackupRestoration (27ms)
Platform modules already initialized, skipping
Refreshing native plugins compatible for Editor in 1.10 ms, found 3 plugins.
Preloading 0 native plugins for Editor in 0.00 ms.
Unloading 3645 Unused Serialized files (Serialized files now loaded: 0)
System memory in use before: 158.6 MB.
System memory in use after: 158.7 MB.

Unloading 24 unused Assets to reduce memory usage. Loaded Objects now: 4268.
Total: 6.545500 ms (FindLiveObjects: 0.465400 ms CreateObjectMapping: 0.254900 ms MarkObjects: 5.676700 ms  DeleteObjects: 0.147400 ms)

AssetImportParameters requested are different than current active one (requested -> active):
  custom:framework-win-MediaFoundation: 216162199b28c13a410421893ffa2e32 -> 
  custom:video-decoder-ogg-theora: a1e56fd34408186e4bbccfd4996cb3dc -> 
  custom:container-muxer-webm: aa71ff27fc2769a1b78a27578f13a17b -> 
  custom:container-demuxer-webm: 4f35f7cbe854078d1ac9338744f61a02 -> 
  custom:container-demuxer-ogg: 62fdf1f143b41e24485cea50d1cbac27 -> 
  custom:video-encoder-webm-vp8: eb34c28f22e8b96e1ab97ce403110664 -> 
  custom:video-codec-MediaFoundation-h265: 746d11721c4dcdbdad8f713fa42b33f4 -> 
  custom:video-decoder-webm-vp8: 9c59270c3fd7afecdb556c50c9e8de78 -> 
  custom:audio-decoder-ogg-vorbis: bf7c407c2cedff20999df2af8eb42d56 -> 
  custom:audio-encoder-webm-vorbis: bf7c407c2cedff20999df2af8eb42d56 -> 
========================================================================
Received Prepare
Registering precompiled user dll's ...
Registered in 0.011270 seconds.
Begin MonoManager ReloadAssembly
Native extension for WindowsStandalone target not found
Native extension for WebGL target not found
Refreshing native plugins compatible for Editor in 1.44 ms, found 3 plugins.
Preloading 0 native plugins for Editor in 0.00 ms.
Mono: successfully reloaded assembly
- Completed reload, in  2.963 seconds
Domain Reload Profiling:
	ReloadAssembly (2964ms)
		BeginReloadAssembly (245ms)
			ExecutionOrderSort (0ms)
			DisableScriptedObjects (15ms)
			BackupInstance (0ms)
			ReleaseScriptingObjects (0ms)
			CreateAndSetChildDomain (80ms)
		EndReloadAssembly (2577ms)
			LoadAssemblies (220ms)
			RebuildTransferFunctionScriptingTraits (0ms)
			SetupTypeCache (835ms)
			ReleaseScriptCaches (3ms)
			RebuildScriptCaches (127ms)
			SetupLoadedEditorAssemblies (982ms)
				LogAssemblyErrors (0ms)
				InitializePlatformSupportModulesInManaged (12ms)
				SetLoadedEditorAssemblies (1ms)
				RefreshPlugins (2ms)
				BeforeProcessingInitializeOnLoad (219ms)
				ProcessInitializeOnLoadAttributes (703ms)
				ProcessInitializeOnLoadMethodAttributes (27ms)
				AfterProcessingInitializeOnLoad (18ms)
				EditorAssembliesLoaded (1ms)
			ExecutionOrderSort2 (0ms)
			AwakeInstancesAfterBackupRestoration (45ms)
Platform modules already initialized, skipping
Refreshing native plugins compatible for Editor in 2.01 ms, found 3 plugins.
Preloading 0 native plugins for Editor in 0.00 ms.
Unloading 3645 Unused Serialized files (Serialized files now loaded: 0)
System memory in use before: 158.6 MB.
System memory in use after: 158.7 MB.

Unloading 24 unused Assets to reduce memory usage. Loaded Objects now: 4270.
Total: 13.123900 ms (FindLiveObjects: 0.793000 ms CreateObjectMapping: 0.528900 ms MarkObjects: 11.355300 ms  DeleteObjects: 0.443300 ms)

AssetImportParameters requested are different than current active one (requested -> active):
  custom:framework-win-MediaFoundation: 216162199b28c13a410421893ffa2e32 -> 
  custom:video-decoder-ogg-theora: a1e56fd34408186e4bbccfd4996cb3dc -> 
  custom:container-muxer-webm: aa71ff27fc2769a1b78a27578f13a17b -> 
  custom:container-demuxer-webm: 4f35f7cbe854078d1ac9338744f61a02 -> 
  custom:container-demuxer-ogg: 62fdf1f143b41e24485cea50d1cbac27 -> 
  custom:video-encoder-webm-vp8: eb34c28f22e8b96e1ab97ce403110664 -> 
  custom:video-codec-MediaFoundation-h265: 746d11721c4dcdbdad8f713fa42b33f4 -> 
  custom:video-decoder-webm-vp8: 9c59270c3fd7afecdb556c50c9e8de78 -> 
  custom:audio-decoder-ogg-vorbis: bf7c407c2cedff20999df2af8eb42d56 -> 
  custom:audio-encoder-webm-vorbis: bf7c407c2cedff20999df2af8eb42d56 -> 
========================================================================
Received Prepare
Registering precompiled user dll's ...
Registered in 0.006783 seconds.
Begin MonoManager ReloadAssembly
Native extension for WindowsStandalone target not found
Native extension for WebGL target not found
Refreshing native plugins compatible for Editor in 1.65 ms, found 3 plugins.
Preloading 0 native plugins for Editor in 0.00 ms.
Mono: successfully reloaded assembly
- Completed reload, in  3.362 seconds
Domain Reload Profiling:
	ReloadAssembly (3363ms)
		BeginReloadAssembly (324ms)
			ExecutionOrderSort (0ms)
			DisableScriptedObjects (10ms)
			BackupInstance (0ms)
			ReleaseScriptingObjects (0ms)
			CreateAndSetChildDomain (116ms)
		EndReloadAssembly (2863ms)
			LoadAssemblies (267ms)
			RebuildTransferFunctionScriptingTraits (0ms)
			SetupTypeCache (996ms)
			ReleaseScriptCaches (3ms)
			RebuildScriptCaches (107ms)
			SetupLoadedEditorAssemblies (964ms)
				LogAssemblyErrors (0ms)
				InitializePlatformSupportModulesInManaged (13ms)
				SetLoadedEditorAssemblies (1ms)
				RefreshPlugins (2ms)
				BeforeProcessingInitializeOnLoad (203ms)
				ProcessInitializeOnLoadAttributes (694ms)
				ProcessInitializeOnLoadMethodAttributes (27ms)
				AfterProcessingInitializeOnLoad (23ms)
				EditorAssembliesLoaded (1ms)
			ExecutionOrderSort2 (0ms)
			AwakeInstancesAfterBackupRestoration (52ms)
Platform modules already initialized, skipping
Refreshing native plugins compatible for Editor in 1.62 ms, found 3 plugins.
Preloading 0 native plugins for Editor in 0.00 ms.
Unloading 3645 Unused Serialized files (Serialized files now loaded: 0)
System memory in use before: 158.6 MB.
System memory in use after: 158.7 MB.

Unloading 24 unused Assets to reduce memory usage. Loaded Objects now: 4272.
Total: 8.753700 ms (FindLiveObjects: 0.562100 ms CreateObjectMapping: 0.697600 ms MarkObjects: 7.256400 ms  DeleteObjects: 0.234900 ms)

AssetImportParameters requested are different than current active one (requested -> active):
  custom:framework-win-MediaFoundation: 216162199b28c13a410421893ffa2e32 -> 
  custom:video-decoder-ogg-theora: a1e56fd34408186e4bbccfd4996cb3dc -> 
  custom:container-muxer-webm: aa71ff27fc2769a1b78a27578f13a17b -> 
  custom:container-demuxer-webm: 4f35f7cbe854078d1ac9338744f61a02 -> 
  custom:container-demuxer-ogg: 62fdf1f143b41e24485cea50d1cbac27 -> 
  custom:video-encoder-webm-vp8: eb34c28f22e8b96e1ab97ce403110664 -> 
  custom:video-codec-MediaFoundation-h265: 746d11721c4dcdbdad8f713fa42b33f4 -> 
  custom:video-decoder-webm-vp8: 9c59270c3fd7afecdb556c50c9e8de78 -> 
  custom:audio-decoder-ogg-vorbis: bf7c407c2cedff20999df2af8eb42d56 -> 
  custom:audio-encoder-webm-vorbis: bf7c407c2cedff20999df2af8eb42d56 -> 
========================================================================
Received Import Request.
  Time since last request: 9718.168379 seconds.
  path: Assets/Sprites/New Rule Tile.asset
  artifactKey: Guid(b1b37f66b4e529349825a06f35cb124d) Importer(815301076,1909f56bfc062723c751e8b465ee728b)
Start importing Assets/Sprites/New Rule Tile.asset using Guid(b1b37f66b4e529349825a06f35cb124d) Importer(815301076,1909f56bfc062723c751e8b465ee728b)  -> (artifact id: 'b4bcc2029e479e4b47ef98fcfb71a41d') in 0.082354 seconds 
  Import took 0.095105 seconds .

========================================================================
Received Import Request.
  Time since last request: 22.780077 seconds.
  path: Assets/Sprites/Ground Rule.asset
  artifactKey: Guid(b1b37f66b4e529349825a06f35cb124d) Importer(815301076,1909f56bfc062723c751e8b465ee728b)
Start importing Assets/Sprites/Ground Rule.asset using Guid(b1b37f66b4e529349825a06f35cb124d) Importer(815301076,1909f56bfc062723c751e8b465ee728b)  -> (artifact id: '7ad0e9eebc5fbd63610057bd787991e0') in 0.009206 seconds 
  Import took 0.019038 seconds .

========================================================================
Received Import Request.
  Time since last request: 246.962627 seconds.
  path: Assets/Sprites/Ground Rule.asset
  artifactKey: Guid(b1b37f66b4e529349825a06f35cb124d) Importer(815301076,1909f56bfc062723c751e8b465ee728b)
Start importing Assets/Sprites/Ground Rule.asset using Guid(b1b37f66b4e529349825a06f35cb124d) Importer(815301076,1909f56bfc062723c751e8b465ee728b)  -> (artifact id: '9839b846ddc689b01357ed26e2c43a41') in 0.081532 seconds 
  Import took 0.094243 seconds .

========================================================================
Received Import Request.
  Time since last request: 1133.970092 seconds.
  path: Packages/com.unity.2d.tilemap/Editor/Unity.2D.Tilemap.Editor.asmdef
  artifactKey: Guid(3a9781db4804a9945b9883f3a7c46d45) Importer(815301076,1909f56bfc062723c751e8b465ee728b)
Start importing Packages/com.unity.2d.tilemap/Editor/Unity.2D.Tilemap.Editor.asmdef using Guid(3a9781db4804a9945b9883f3a7c46d45) Importer(815301076,1909f56bfc062723c751e8b465ee728b)  -> (artifact id: '86df9f85098986b5c3bc9f164a1f4748') in 0.010689 seconds 
  Import took 0.028181 seconds .

========================================================================
Received Import Request.
  Time since last request: 143.397625 seconds.
  path: Assets/Sprites/Ground Rule.asset
  artifactKey: Guid(b1b37f66b4e529349825a06f35cb124d) Importer(815301076,1909f56bfc062723c751e8b465ee728b)
Start importing Assets/Sprites/Ground Rule.asset using Guid(b1b37f66b4e529349825a06f35cb124d) Importer(815301076,1909f56bfc062723c751e8b465ee728b)  -> (artifact id: 'c1d20bf7904dba3d5683c6cbfea8e36f') in 0.016570 seconds 
  Import took 0.023526 seconds .

========================================================================
Received Prepare
Registering precompiled user dll's ...
Registered in 0.016330 seconds.
Begin MonoManager ReloadAssembly
Native extension for WindowsStandalone target not found
Native extension for WebGL target not found
Refreshing native plugins compatible for Editor in 1.54 ms, found 3 plugins.
Preloading 0 native plugins for Editor in 0.00 ms.
Mono: successfully reloaded assembly
- Completed reload, in  2.705 seconds
Domain Reload Profiling:
	ReloadAssembly (2706ms)
		BeginReloadAssembly (292ms)
			ExecutionOrderSort (0ms)
			DisableScriptedObjects (14ms)
			BackupInstance (0ms)
			ReleaseScriptingObjects (0ms)
			CreateAndSetChildDomain (92ms)
		EndReloadAssembly (2269ms)
			LoadAssemblies (242ms)
			RebuildTransferFunctionScriptingTraits (0ms)
			SetupTypeCache (771ms)
			ReleaseScriptCaches (2ms)
			RebuildScriptCaches (61ms)
			SetupLoadedEditorAssemblies (877ms)
				LogAssemblyErrors (0ms)
				InitializePlatformSupportModulesInManaged (11ms)
				SetLoadedEditorAssemblies (1ms)
				RefreshPlugins (2ms)
				BeforeProcessingInitializeOnLoad (186ms)
				ProcessInitializeOnLoadAttributes (626ms)
				ProcessInitializeOnLoadMethodAttributes (26ms)
				AfterProcessingInitializeOnLoad (24ms)
				EditorAssembliesLoaded (1ms)
			ExecutionOrderSort2 (0ms)
			AwakeInstancesAfterBackupRestoration (42ms)
Platform modules already initialized, skipping
Refreshing native plugins compatible for Editor in 1.77 ms, found 3 plugins.
Preloading 0 native plugins for Editor in 0.00 ms.
Unloading 3645 Unused Serialized files (Serialized files now loaded: 0)
System memory in use before: 158.6 MB.
System memory in use after: 158.7 MB.

Unloading 24 unused Assets to reduce memory usage. Loaded Objects now: 4275.
Total: 8.709500 ms (FindLiveObjects: 0.401200 ms CreateObjectMapping: 0.388300 ms MarkObjects: 7.636600 ms  DeleteObjects: 0.281700 ms)

AssetImportParameters requested are different than current active one (requested -> active):
  custom:framework-win-MediaFoundation: 216162199b28c13a410421893ffa2e32 -> 
  custom:video-decoder-ogg-theora: a1e56fd34408186e4bbccfd4996cb3dc -> 
  custom:container-muxer-webm: aa71ff27fc2769a1b78a27578f13a17b -> 
  custom:container-demuxer-webm: 4f35f7cbe854078d1ac9338744f61a02 -> 
  custom:container-demuxer-ogg: 62fdf1f143b41e24485cea50d1cbac27 -> 
  custom:video-encoder-webm-vp8: eb34c28f22e8b96e1ab97ce403110664 -> 
  custom:video-codec-MediaFoundation-h265: 746d11721c4dcdbdad8f713fa42b33f4 -> 
  custom:video-decoder-webm-vp8: 9c59270c3fd7afecdb556c50c9e8de78 -> 
  custom:audio-decoder-ogg-vorbis: bf7c407c2cedff20999df2af8eb42d56 -> 
  custom:audio-encoder-webm-vorbis: bf7c407c2cedff20999df2af8eb42d56 -> 
========================================================================
Received Import Request.
  Time since last request: 794.399940 seconds.
  path: Assets/Sprites/Ground Rule.asset
  artifactKey: Guid(b1b37f66b4e529349825a06f35cb124d) Importer(815301076,1909f56bfc062723c751e8b465ee728b)
Start importing Assets/Sprites/Ground Rule.asset using Guid(b1b37f66b4e529349825a06f35cb124d) Importer(815301076,1909f56bfc062723c751e8b465ee728b)  -> (artifact id: 'c74c8955258ea77b2a9f7191185acd3a') in 0.101309 seconds 
  Import took 0.115465 seconds .

AssetImportWorkerClient::OnTransportError - code=2 error=End of file
